[1013/053329.927:ERROR:directory_reader_win.cc(43)] FindFirstFile: The system cannot find the path specified. (0x3)
[1014/053159.837:ERROR:directory_reader_win.cc(43)] FindFirstFile: The system cannot find the path specified. (0x3)
[1015/045939.033:ERROR:directory_reader_win.cc(43)] FindFirstFile: The system cannot find the path specified. (0x3)
[1016/063601.637:ERROR:directory_reader_win.cc(43)] FindFirstFile: The system cannot find the path specified. (0x3)
[1017/193831.349:ERROR:directory_reader_win.cc(43)] FindFirstFile: The system cannot find the path specified. (0x3)
[1018/012824.252:ERROR:process_reader_win.cc(151)] SuspendThread: Access is denied. (0x5)
[1018/012824.252:ERROR:process_reader_win.cc(151)] SuspendThread: Access is denied. (0x5)
[1018/012824.252:ERROR:process_reader_win.cc(151)] SuspendThread: Access is denied. (0x5)
[1018/012824.252:ERROR:process_reader_win.cc(151)] SuspendThread: Access is denied. (0x5)
[1018/012824.252:ERROR:process_reader_win.cc(151)] SuspendThread: Access is denied. (0x5)
[1018/012824.252:ERROR:process_reader_win.cc(151)] SuspendThread: Access is denied. (0x5)
[1018/012824.252:ERROR:process_reader_win.cc(151)] SuspendThread: Access is denied. (0x5)
[1018/012824.252:ERROR:process_reader_win.cc(151)] SuspendThread: Access is denied. (0x5)
[1018/012824.252:ERROR:process_reader_win.cc(151)] SuspendThread: Access is denied. (0x5)
[1018/012824.252:ERROR:process_reader_win.cc(151)] SuspendThread: Access is denied. (0x5)
[1018/012824.252:ERROR:process_reader_win.cc(151)] SuspendThread: Access is denied. (0x5)
[1018/012824.252:ERROR:process_reader_win.cc(151)] SuspendThread: Access is denied. (0x5)
[1018/012824.252:ERROR:process_reader_win.cc(151)] SuspendThread: Access is denied. (0x5)
[1018/012824.252:ERROR:process_reader_win.cc(151)] SuspendThread: Access is denied. (0x5)
[1018/012824.252:ERROR:process_reader_win.cc(151)] SuspendThread: Access is denied. (0x5)
[1018/012824.252:ERROR:process_reader_win.cc(151)] SuspendThread: Access is denied. (0x5)
[1018/012824.252:ERROR:process_reader_win.cc(151)] SuspendThread: Access is denied. (0x5)
[1018/012824.252:ERROR:process_reader_win.cc(151)] SuspendThread: Access is denied. (0x5)
[1018/012824.252:ERROR:process_reader_win.cc(151)] SuspendThread: Access is denied. (0x5)
[1018/012824.252:ERROR:process_reader_win.cc(151)] SuspendThread: Access is denied. (0x5)
[1018/012824.252:ERROR:process_reader_win.cc(123)] NtOpenThread: {Access Denied} A process has requested access to an object, but has not been granted those access rights. (0xc0000022)
[1018/012824.252:ERROR:process_reader_win.cc(123)] NtOpenThread: {Access Denied} A process has requested access to an object, but has not been granted those access rights. (0xc0000022)
[1018/012824.267:ERROR:exception_snapshot_win.cc(99)] thread ID 19560 not found in process
[1018/012824.267:ERROR:exception_snapshot_win.cc(99)] thread ID 10232 not found in process
[1018/190417.614:ERROR:directory_reader_win.cc(43)] FindFirstFile: The system cannot find the path specified. (0x3)
[1020/054228.347:ERROR:directory_reader_win.cc(43)] FindFirstFile: The system cannot find the path specified. (0x3)
[1021/053027.490:ERROR:directory_reader_win.cc(43)] FindFirstFile: The system cannot find the path specified. (0x3)
[1022/051039.613:ERROR:directory_reader_win.cc(43)] FindFirstFile: The system cannot find the path specified. (0x3)
[1023/055105.445:ERROR:directory_reader_win.cc(43)] FindFirstFile: The system cannot find the path specified. (0x3)
[1024/075713.488:ERROR:directory_reader_win.cc(43)] FindFirstFile: The system cannot find the path specified. (0x3)
[1025/154640.087:ERROR:directory_reader_win.cc(43)] FindFirstFile: The system cannot find the path specified. (0x3)
[1026/133547.592:ERROR:process_info.cc(329)] VirtualQueryEx: Access is denied. (0x5)
[1026/133555.332:ERROR:process_info.cc(556)] ReadMemoryInfo failed
[1026/133555.332:ERROR:process_memory_win.cc(39)] Failed to initialize ProcessInfo.
[1026/133555.332:ERROR:scoped_process_suspend.cc(40)] NtResumeProcess: An attempt was made to access an exiting process. (0xc000010a)
[1027/053224.183:ERROR:directory_reader_win.cc(43)] FindFirstFile: The system cannot find the path specified. (0x3)
[1201/052316.226:ERROR:directory_reader_win.cc(43)] FindFirstFile: The system cannot find the path specified. (0x3)
[1203/043708.580:ERROR:directory_reader_win.cc(43)] FindFirstFile: The system cannot find the path specified. (0x3)
